requesting access token...
POST https://mct8vv9h4h0gy1x8xmv8np06rlpy.auth.marketingcloudapis.com/v2/token/v1/requestToken
User-Agent: FuelSDK-Java-v1.5.0-REST-POST-requestToken
Content-Type: application/json
{
  "clientId": "a2wlmmb0idyircg78upmjs8t",
  "clientSecret": "90wKavzP4fir4q1RLiJfig8l",
  "accessType": "online"
}
404 Not Found
{
  "documentation": "https://developer.salesforce.com/docs/atlas.en-us.mc-apis.meta/mc-apis/error-handling.htm",
  "errorcode": 404,
  "message": "Not Found"
}
requesting access token...
POST https://mct8vv9h4h0gy1x8xmv8np06rlpy.auth.marketingcloudapis.com//v1/requestToken
User-Agent: FuelSDK-Java-v1.5.0-REST-POST-requestToken
Content-Type: application/json
{
  "clientId": "a2wlmmb0idyircg78upmjs8t",
  "clientSecret": "90wKavzP4fir4q1RLiJfig8l",
  "accessType": "online"
}
400 Bad Request
{
  "message": "This integration is not eligible to use the legacy /v1/requestToken endpoint because the integration uses enhanced OAuth 2.0 functionality. To obtain a token for this integration, use the applicable Marketing Cloud OAuth 2.0 endpoint for authentication. For a web or public app, use /v2/authorize and then /v2/token. For a server-to-server integration, use /v2/token.",
  "errorcode": 10007,
  "documentation": ""
}
requesting access token...
POST https://mct8vv9h4h0gy1x8xmv8np06rlpy.auth.marketingcloudapis.com//v1/requestToken
User-Agent: FuelSDK-Java-v1.5.0-REST-POST-requestToken
Content-Type: application/json
{
  "clientId": "a2wlmmb0idyircg78upmjs8t",
  "clientSecret": "90wKavzP4fir4q1RLiJfig8l",
  "accessType": "online"
}
400 Bad Request
{
  "message": "This integration is not eligible to use the legacy /v1/requestToken endpoint because the integration uses enhanced OAuth 2.0 functionality. To obtain a token for this integration, use the applicable Marketing Cloud OAuth 2.0 endpoint for authentication. For a web or public app, use /v2/authorize and then /v2/token. For a server-to-server integration, use /v2/token.",
  "errorcode": 10007,
  "documentation": ""
}
requesting access token...
POST https://mct8vv9h4h0gy1x8xmv8np06rlpy.auth.marketingcloudapis.com//v1/requestToken
User-Agent: FuelSDK-Java-v1.5.0-REST-POST-requestToken
Content-Type: application/json
{
  "clientId": "a2wlmmb0idyircg78upmjs8t",
  "clientSecret": "90wKavzP4fir4q1RLiJfig8l",
  "accessType": "online"
}
400 Bad Request
{
  "message": "This integration is not eligible to use the legacy /v1/requestToken endpoint because the integration uses enhanced OAuth 2.0 functionality. To obtain a token for this integration, use the applicable Marketing Cloud OAuth 2.0 endpoint for authentication. For a web or public app, use /v2/authorize and then /v2/token. For a server-to-server integration, use /v2/token.",
  "errorcode": 10007,
  "documentation": ""
}
requesting access token...
POST https://mct8vv9h4h0gy1x8xmv8np06rlpy.auth.marketingcloudapis.com//v1/requestToken
User-Agent: FuelSDK-Java-v1.5.0-REST-POST-requestToken
Content-Type: application/json
{
  "clientId": "a2wlmmb0idyircg78upmjs8t",
  "clientSecret": "90wKavzP4fir4q1RLiJfig8l",
  "accessType": "online"
}
400 Bad Request
{
  "message": "This integration is not eligible to use the legacy /v1/requestToken endpoint because the integration uses enhanced OAuth 2.0 functionality. To obtain a token for this integration, use the applicable Marketing Cloud OAuth 2.0 endpoint for authentication. For a web or public app, use /v2/authorize and then /v2/token. For a server-to-server integration, use /v2/token.",
  "errorcode": 10007,
  "documentation": ""
}
POST https://mct8vv9h4h0gy1x8xmv8np06rlpy.auth.marketingcloudapis.com/v2/token
User-Agent: FuelSDK-Java-v1.5.0-REST-POST-token
Content-Type: application/json
{
  "client_id": "a2wlmmb0idyircg78upmjs8t",
  "client_secret": "90wKavzP4fir4q1RLiJfig8l",
  "grant_type": "client_credentials",
  "account_id": "\u003cTARGET_ACCOUNT_ID\u003e",
  "scope": "\u003cPERMISSION_LIST\u003e"
}
400 Bad Request
{
  "error": "scope_mismatch",
  "error_description": "Invalid scope. Use only scopes available in Marketing Cloud Installed Packages.",
  "error_uri": "https://developer.salesforce.com/docs"
}
requesting access token...
POST https://mct8vv9h4h0gy1x8xmv8np06rlpy.auth.marketingcloudapis.com/v1/requestToken
User-Agent: FuelSDK-Java-v1.5.0-REST-POST-requestToken
Content-Type: application/json
{
  "clientId": "a2wlmmb0idyircg78upmjs8t",
  "clientSecret": "90wKavzP4fir4q1RLiJfig8l",
  "accessType": "online"
}
400 Bad Request
{
  "message": "This integration is not eligible to use the legacy /v1/requestToken endpoint because the integration uses enhanced OAuth 2.0 functionality. To obtain a token for this integration, use the applicable Marketing Cloud OAuth 2.0 endpoint for authentication. For a web or public app, use /v2/authorize and then /v2/token. For a server-to-server integration, use /v2/token.",
  "errorcode": 10007,
  "documentation": ""
}
requesting access token...
POST https://mct8vv9h4h0gy1x8xmv8np06rlpy.auth.marketingcloudapis.com/v1/requestToken
User-Agent: FuelSDK-Java-v1.5.0-REST-POST-requestToken
Content-Type: application/json
{
  "clientId": "a2wlmmb0idyircg78upmjs8t",
  "clientSecret": "90wKavzP4fir4q1RLiJfig8l",
  "accessType": "online"
}
400 Bad Request
{
  "message": "This integration is not eligible to use the legacy /v1/requestToken endpoint because the integration uses enhanced OAuth 2.0 functionality. To obtain a token for this integration, use the applicable Marketing Cloud OAuth 2.0 endpoint for authentication. For a web or public app, use /v2/authorize and then /v2/token. For a server-to-server integration, use /v2/token.",
  "errorcode": 10007,
  "documentation": ""
}
requesting access token...
POST https://mct8vv9h4h0gy1x8xmv8np06rlpy.auth.marketingcloudapis.com/v1/requestToken
User-Agent: FuelSDK-Java-v1.5.0-REST-POST-requestToken
Content-Type: application/json
{
  "clientId": "a2wlmmb0idyircg78upmjs8t",
  "clientSecret": "90wKavzP4fir4q1RLiJfig8l",
  "accessType": "online"
}
400 Bad Request
{
  "message": "This integration is not eligible to use the legacy /v1/requestToken endpoint because the integration uses enhanced OAuth 2.0 functionality. To obtain a token for this integration, use the applicable Marketing Cloud OAuth 2.0 endpoint for authentication. For a web or public app, use /v2/authorize and then /v2/token. For a server-to-server integration, use /v2/token.",
  "errorcode": 10007,
  "documentation": ""
}
requesting access token...
POST https://mct8vv9h4h0gy1x8xmv8np06rlpy.auth.marketingcloudapis.com/v1/requestToken
User-Agent: FuelSDK-Java-v1.5.0-REST-POST-requestToken
Content-Type: application/json
{
  "clientId": "a2wlmmb0idyircg78upmjs8t",
  "clientSecret": "90wKavzP4fir4q1RLiJfig8l",
  "accessType": "online"
}
400 Bad Request
{
  "message": "This integration is not eligible to use the legacy /v1/requestToken endpoint because the integration uses enhanced OAuth 2.0 functionality. To obtain a token for this integration, use the applicable Marketing Cloud OAuth 2.0 endpoint for authentication. For a web or public app, use /v2/authorize and then /v2/token. For a server-to-server integration, use /v2/token.",
  "errorcode": 10007,
  "documentation": ""
}
requesting access token...
POST https://mct8vv9h4h0gy1x8xmv8np06rlpy.auth.marketingcloudapis.com/v1/requestToken
User-Agent: FuelSDK-Java-v1.5.0-REST-POST-requestToken
Content-Type: application/json
{
  "clientId": "a2wlmmb0idyircg78upmjs8t",
  "clientSecret": "90wKavzP4fir4q1RLiJfig8l",
  "accessType": "online"
}
400 Bad Request
{
  "message": "This integration is not eligible to use the legacy /v1/requestToken endpoint because the integration uses enhanced OAuth 2.0 functionality. To obtain a token for this integration, use the applicable Marketing Cloud OAuth 2.0 endpoint for authentication. For a web or public app, use /v2/authorize and then /v2/token. For a server-to-server integration, use /v2/token.",
  "errorcode": 10007,
  "documentation": ""
}
requesting access token...
POST https://mct8vv9h4h0gy1x8xmv8np06rlpy.auth.marketingcloudapis.com/v1/requestToken
User-Agent: FuelSDK-Java-v1.5.0-REST-POST-requestToken
Content-Type: application/json
{
  "clientId": "a2wlmmb0idyircg78upmjs8t",
  "clientSecret": "90wKavzP4fir4q1RLiJfig8l",
  "accessType": "online"
}
400 Bad Request
{
  "message": "This integration is not eligible to use the legacy /v1/requestToken endpoint because the integration uses enhanced OAuth 2.0 functionality. To obtain a token for this integration, use the applicable Marketing Cloud OAuth 2.0 endpoint for authentication. For a web or public app, use /v2/authorize and then /v2/token. For a server-to-server integration, use /v2/token.",
  "errorcode": 10007,
  "documentation": ""
}
requesting access token...
POST https://mct8vv9h4h0gy1x8xmv8np06rlpy.auth.marketingcloudapis.com/v1/requestToken
User-Agent: FuelSDK-Java-v1.5.0-REST-POST-requestToken
Content-Type: application/json
{
  "clientId": "a2wlmmb0idyircg78upmjs8t",
  "clientSecret": "90wKavzP4fir4q1RLiJfig8l",
  "accessType": "online"
}
400 Bad Request
{
  "message": "This integration is not eligible to use the legacy /v1/requestToken endpoint because the integration uses enhanced OAuth 2.0 functionality. To obtain a token for this integration, use the applicable Marketing Cloud OAuth 2.0 endpoint for authentication. For a web or public app, use /v2/authorize and then /v2/token. For a server-to-server integration, use /v2/token.",
  "errorcode": 10007,
  "documentation": ""
}
